# JRE version: Java(TM) SE Runtime Environment (8.0_261-b12) (build 1.8.0_261-b12)
# Java VM: Java HotSpot(TM) 64-Bit Server VM (25.261-b12 mixed mode windows-amd64 compressed oops)
Heap:
 PSYoungGen      total 132096K, used 13478K [0x0000000715c00000, 0x000000071f200000, 0x00000007c0000000)
  eden space 128512K, 7% used [0x0000000715c00000,0x0000000716601bf0,0x000000071d980000)
  from space 3584K, 90% used [0x000000071dc80000,0x000000071dfa7c60,0x000000071e000000)
  to   space 9216K, 0% used [0x000000071e900000,0x000000071e900000,0x000000071f200000)
 ParOldGen       total 349696K, used 168K [0x00000005c1400000, 0x00000005d6980000, 0x0000000715c00000)
  object space 349696K, 0% used [0x00000005c1400000,0x00000005c142a088,0x00000005d6980000)
 Metaspace       used 19780K, capacity 19954K, committed 20224K, reserved 1067008K
  class space    used 2434K, capacity 2509K, committed 2560K, reserved 1048576K
GC Heap History (10 events):
Event: 65.710 GC heap before
{Heap before GC invocations=1 (full 0):
 PSYoungGen      total 153088K, used 131584K [0x0000000715c00000, 0x0000000720680000, 0x00000007c0000000)
  eden space 131584K, 100% used [0x0000000715c00000,0x000000071dc80000,0x000000071dc80000)
  from space 21504K, 0% used [0x000000071f180000,0x000000071f180000,0x0000000720680000)
  to   space 21504K, 0% used [0x000000071dc80000,0x000000071dc80000,0x000000071f180000)
 ParOldGen       total 349696K, used 0K [0x00000005c1400000, 0x00000005d6980000, 0x0000000715c00000)
  object space 349696K, 0% used [0x00000005c1400000,0x00000005c1400000,0x00000005d6980000)
 Metaspace       used 19731K, capacity 19954K, committed 20224K, reserved 1067008K
  class space    used 2433K, capacity 2509K, committed 2560K, reserved 1048576K
Event: 65.717 GC heap after
Heap after GC invocations=1 (full 0):
 PSYoungGen      total 153088K, used 9110K [0x0000000715c00000, 0x0000000720680000, 0x00000007c0000000)
  eden space 131584K, 0% used [0x0000000715c00000,0x0000000715c00000,0x000000071dc80000)
  from space 21504K, 42% used [0x000000071dc80000,0x000000071e565870,0x000000071f180000)
  to   space 21504K, 0% used [0x000000071f180000,0x000000071f180000,0x0000000720680000)
 ParOldGen       total 349696K, used 160K [0x00000005c1400000, 0x00000005d6980000, 0x0000000715c00000)
  object space 349696K, 0% used [0x00000005c1400000,0x00000005c1428088,0x00000005d6980000)
 Metaspace       used 19731K, capacity 19954K, committed 20224K, reserved 1067008K
  class space    used 2433K, capacity 2509K, committed 2560K, reserved 1048576K
}
Event: 78.172 GC heap before
{Heap before GC invocations=2 (full 0):
 PSYoungGen      total 153088K, used 140694K [0x0000000715c00000, 0x0000000720680000, 0x00000007c0000000)
  eden space 131584K, 100% used [0x0000000715c00000,0x000000071dc80000,0x000000071dc80000)
  from space 21504K, 42% used [0x000000071dc80000,0x000000071e565870,0x000000071f180000)
  to   space 21504K, 0% used [0x000000071f180000,0x000000071f180000,0x0000000720680000)
 ParOldGen       total 349696K, used 160K [0x00000005c1400000, 0x00000005d6980000, 0x0000000715c00000)
  object space 349696K, 0% used [0x00000005c1400000,0x00000005c1428088,0x00000005d6980000)
 Metaspace       used 19765K, capacity 19954K, committed 20224K, reserved 1067008K
  class space    used 2434K, capacity 2509K, committed 2560K, reserved 1048576K
Event: 78.175 GC heap after
Heap after GC invocations=2 (full 0):
 PSYoungGen      total 153088K, used 3055K [0x0000000715c00000, 0x0000000720680000, 0x00000007c0000000)
  eden space 131584K, 0% used [0x0000000715c00000,0x0000000715c00000,0x000000071dc80000)
  from space 21504K, 14% used [0x000000071f180000,0x000000071f47bc90,0x0000000720680000)
  to   space 21504K, 0% used [0x000000071dc80000,0x000000071dc80000,0x000000071f180000)
 ParOldGen       total 349696K, used 168K [0x00000005c1400000, 0x00000005d6980000, 0x0000000715c00000)
  object space 349696K, 0% used [0x00000005c1400000,0x00000005c142a088,0x00000005d6980000)
 Metaspace       used 19765K, capacity 19954K, committed 20224K, reserved 1067008K
  class space    used 2434K, capacity 2509K, committed 2560K, reserved 1048576K
}
Event: 80.370 GC heap before
{Heap before GC invocations=3 (full 0):
 PSYoungGen      total 153088K, used 134639K [0x0000000715c00000, 0x0000000720680000, 0x00000007c0000000)
  eden space 131584K, 100% used [0x0000000715c00000,0x000000071dc80000,0x000000071dc80000)
  from space 21504K, 14% used [0x000000071f180000,0x000000071f47bc90,0x0000000720680000)
  to   space 21504K, 0% used [0x000000071dc80000,0x000000071dc80000,0x000000071f180000)
 ParOldGen       total 349696K, used 168K [0x00000005c1400000, 0x00000005d6980000, 0x0000000715c00000)
  object space 349696K, 0% used [0x00000005c1400000,0x00000005c142a088,0x00000005d6980000)
 Metaspace       used 19768K, capacity 19954K, committed 20224K, reserved 1067008K
  class space    used 2434K, capacity 2509K, committed 2560K, reserved 1048576K
Event: 80.372 GC heap after
Heap after GC invocations=3 (full 0):
 PSYoungGen      total 153088K, used 3079K [0x0000000715c00000, 0x0000000720680000, 0x00000007c0000000)
  eden space 131584K, 0% used [0x0000000715c00000,0x0000000715c00000,0x000000071dc80000)
  from space 21504K, 14% used [0x000000071dc80000,0x000000071df81cb0,0x000000071f180000)
  to   space 21504K, 0% used [0x000000071f180000,0x000000071f180000,0x0000000720680000)
 ParOldGen       total 349696K, used 168K [0x00000005c1400000, 0x00000005d6980000, 0x0000000715c00000)
  object space 349696K, 0% used [0x00000005c1400000,0x00000005c142a088,0x00000005d6980000)
 Metaspace       used 19768K, capacity 19954K, committed 20224K, reserved 1067008K
  class space    used 2434K, capacity 2509K, committed 2560K, reserved 1048576K
}
Event: 81.270 GC heap before
{Heap before GC invocations=4 (full 0):
 PSYoungGen      total 153088K, used 134663K [0x0000000715c00000, 0x0000000720680000, 0x00000007c0000000)
  eden space 131584K, 100% used [0x0000000715c00000,0x000000071dc80000,0x000000071dc80000)
  from space 21504K, 14% used [0x000000071dc80000,0x000000071df81cb0,0x000000071f180000)
  to   space 21504K, 0% used [0x000000071f180000,0x000000071f180000,0x0000000720680000)
 ParOldGen       total 349696K, used 168K [0x00000005c1400000, 0x00000005d6980000, 0x0000000715c00000)
  object space 349696K, 0% used [0x00000005c1400000,0x00000005c142a088,0x00000005d6980000)
 Metaspace       used 19771K, capacity 19954K, committed 20224K, reserved 1067008K
  class space    used 2434K, capacity 2509K, committed 2560K, reserved 1048576K
Event: 81.272 GC heap after
Heap after GC invocations=4 (full 0):
 PSYoungGen      total 153088K, used 3127K [0x0000000715c00000, 0x0000000720680000, 0x00000007c0000000)
  eden space 131584K, 0% used [0x0000000715c00000,0x0000000715c00000,0x000000071dc80000)
  from space 21504K, 14% used [0x000000071f180000,0x000000071f48dc58,0x0000000720680000)
  to   space 21504K, 0% used [0x000000071dc80000,0x000000071dc80000,0x000000071f180000)
 ParOldGen       total 349696K, used 168K [0x00000005c1400000, 0x00000005d6980000, 0x0000000715c00000)
  object space 349696K, 0% used [0x00000005c1400000,0x00000005c142a088,0x00000005d6980000)
 Metaspace       used 19771K, capacity 19954K, committed 20224K, reserved 1067008K
  class space    used 2434K, capacity 2509K, committed 2560K, reserved 1048576K
}
Event: 82.369 GC heap before
{Heap before GC invocations=5 (full 0):
 PSYoungGen      total 153088K, used 134711K [0x0000000715c00000, 0x0000000720680000, 0x00000007c0000000)
  eden space 131584K, 100% used [0x0000000715c00000,0x000000071dc80000,0x000000071dc80000)
  from space 21504K, 14% used [0x000000071f180000,0x000000071f48dc58,0x0000000720680000)
  to   space 21504K, 0% used [0x000000071dc80000,0x000000071dc80000,0x000000071f180000)
 ParOldGen       total 349696K, used 168K [0x00000005c1400000, 0x00000005d6980000, 0x0000000715c00000)
  object space 349696K, 0% used [0x00000005c1400000,0x00000005c142a088,0x00000005d6980000)
 Metaspace       used 19772K, capacity 19954K, committed 20224K, reserved 1067008K
  class space    used 2434K, capacity 2509K, committed 2560K, reserved 1048576K
Event: 82.372 GC heap after
Heap after GC invocations=5 (full 0):
 PSYoungGen      total 132096K, used 3231K [0x0000000715c00000, 0x000000071f200000, 0x00000007c0000000)
  eden space 128512K, 0% used [0x0000000715c00000,0x0000000715c00000,0x000000071d980000)
  from space 3584K, 90% used [0x000000071dc80000,0x000000071dfa7c60,0x000000071e000000)
  to   space 9216K, 0% used [0x000000071e900000,0x000000071e900000,0x000000071f200000)
 ParOldGen       total 349696K, used 168K [0x00000005c1400000, 0x00000005d6980000, 0x0000000715c00000)
  object space 349696K, 0% used [0x00000005c1400000,0x00000005c142a088,0x00000005d6980000)
 Metaspace       used 19772K, capacity 19954K, committed 20224K, reserved 1067008K
  class space    used 2434K, capacity 2509K, committed 2560K, reserved 1048576K
}

